Using pre-set license
Built from '2020.3/staging' branch; Version is '2020.3.9f1 (108be757e447) revision 1084391'; Using compiler version '192528614'; Build Type 'Release'
OS: 'Windows 10 Pro; OS build 19043.1110; Version 2009; 64bit' Language: 'zh' Physical Memory: 32656 MB
BatchMode: 1, IsHumanControllingUs: 0, StartBugReporterOnCrash: 0, Is64bit: 1, IsPro: 0

 COMMAND LINE ARGUMENTS:
C:\Program Files\Unity\Hub\Editor\2020.3.9f1\Editor\Unity.exe
-adb2
-batchMode
-noUpm
-name
AssetImportWorker0
-projectPath
D:/Demo/Carlike_Learning/CatLike
-logFile
Logs/AssetImportWorker0.log
-srvPort
62566
Successfully changed project path to: D:/Demo/Carlike_Learning/CatLike
D:/Demo/Carlike_Learning/CatLike
Using Asset Import Pipeline V2.
Refreshing native plugins compatible for Editor in 42.42 ms, found 2 plugins.
Preloading 0 native plugins for Editor in 0.00 ms.
Initialize engine version: 2020.3.9f1 (108be757e447)
[Subsystems] Discovering subsystems at path C:/Program Files/Unity/Hub/Editor/2020.3.9f1/Editor/Data/Resources/UnitySubsystems
[Subsystems] Discovering subsystems at path D:/Demo/Carlike_Learning/CatLike/Assets
GfxDevice: creating device client; threaded=0
Direct3D:
    Version:  Direct3D 11.0 [level 11.1]
    Renderer: NVIDIA GeForce GTX 1650 (ID=0x1f0a)
    Vendor:   
    VRAM:     3961 MB
    Driver:   27.21.14.5671
Shader 'Universal Render Pipeline/Particles/Lit': fallback shader 'Universal Render Pipeline/Particles/SimpleLit' not found
Initialize mono
Mono path[0] = 'C:/Program Files/Unity/Hub/Editor/2020.3.9f1/Editor/Data/Managed'
Mono path[1] = 'C:/Program Files/Unity/Hub/Editor/2020.3.9f1/Editor/Data/MonoBleedingEdge/lib/mono/unityjit'
Mono config path = 'C:/Program Files/Unity/Hub/Editor/2020.3.9f1/Editor/Data/MonoBleedingEdge/etc'
Using monoOptions --debugger-agent=transport=dt_socket,embedding=1,server=y,suspend=n,address=127.0.0.1:56752
Begin MonoManager ReloadAssembly
Registering precompiled unity dll's ...
Register platform support module: C:/Program Files/Unity/Hub/Editor/2020.3.9f1/Editor/Data/PlaybackEngines/WindowsStandaloneSupport/UnityEditor.WindowsStandalone.Extensions.dll
Registered in 0.001690 seconds.
Native extension for WindowsStandalone target not found
Refreshing native plugins compatible for Editor in 43.01 ms, found 2 plugins.
Preloading 0 native plugins for Editor in 0.00 ms.
Mono: successfully reloaded assembly
- Completed reload, in  0.987 seconds
Platform modules already initialized, skipping
Registering precompiled user dll's ...
Registered in 0.002343 seconds.
Begin MonoManager ReloadAssembly
Native extension for WindowsStandalone target not found
Refreshing native plugins compatible for Editor in 45.29 ms, found 2 plugins.
Preloading 0 native plugins for Editor in 0.00 ms.
Mono: successfully reloaded assembly
- Completed reload, in  1.026 seconds
Platform modules already initialized, skipping
========================================================================
Worker process is ready to serve import requests
Shader 'Universal Render Pipeline/Particles/Lit': fallback shader 'Universal Render Pipeline/Particles/SimpleLit' not found
Launched and connected shader compiler UnityShaderCompiler.exe after 0.04 seconds
Refreshing native plugins compatible for Editor in 0.62 ms, found 2 plugins.
Preloading 0 native plugins for Editor in 0.00 ms.
Unloading 2914 Unused Serialized files (Serialized files now loaded: 0)
System memory in use before: 127.9 MB.
System memory in use after: 128.1 MB.

Unloading 20 unused Assets to reduce memory usage. Loaded Objects now: 3350.
Total: 2.345600 ms (FindLiveObjects: 0.315700 ms CreateObjectMapping: 0.072500 ms MarkObjects: 1.888500 ms  DeleteObjects: 0.068200 ms)

========================================================================
Received Import Request.
  path: Assets/Assets.index
  artifactKey: Guid(ffce9861732f5804f9f9441f9ce0bd95) Importer(815301076,1909f56bfc062723c751e8b465ee728b)
Start importing Assets/Assets.index using Guid(ffce9861732f5804f9f9441f9ce0bd95) Importer(815301076,1909f56bfc062723c751e8b465ee728b)  -> (artifact id: 'aa6cc89f52b7cc8938283a4539fb3898') in 0.049737 seconds
  Import took 0.054242 seconds .

========================================================================
Received Import Request.
  Time since last request: 10.025481 seconds.
  path: Assets/Scripts/Graph.cs
  artifactKey: Guid(d122da37fc3150e419d9906a01481e3b) Importer(815301076,1909f56bfc062723c751e8b465ee728b)
Start importing Assets/Scripts/Graph.cs using Guid(d122da37fc3150e419d9906a01481e3b) Importer(815301076,1909f56bfc062723c751e8b465ee728b)  -> (artifact id: '387815cca2707ccf408b84bababf1dae') in 0.007788 seconds
  Import took 0.012177 seconds .

========================================================================
Received Import Request.
  Time since last request: 0.000889 seconds.
  path: Assets/Scripts/Graph.cs
  artifactKey: Guid(d122da37fc3150e419d9906a01481e3b) Importer(815301076,1909f56bfc062723c751e8b465ee728b)
Start importing Assets/Scripts/Graph.cs using Guid(d122da37fc3150e419d9906a01481e3b) Importer(815301076,1909f56bfc062723c751e8b465ee728b)  -> (artifact id: '387815cca2707ccf408b84bababf1dae') in 0.001344 seconds
  Import took 0.005028 seconds .

AssetImportWorkerClient::OnTransportError - code=2 error=End of file
